2023-10-22 11:59:23,230 INFO  [org.jboss.as.server.deployment.scanner] (MSC service thread 1-6) WFLYDS0013: Started FileSystemDeploymentService for directory C:\Users\Hazem\Desktop\5TWIN5_TerraSpot\keycloak-12.0.4\standalone\deployments
2023-10-22 11:59:23,237 INFO  [org.wildfly.extension.undertow] (MSC service thread 1-5) WFLYUT0006: Undertow HTTP listener default listening on 127.0.0.1:8180
2023-10-22 11:59:23,247 INFO  [org.jboss.as.server.deployment] (MSC service thread 1-1) WFLYSRV0027: Starting deployment of "keycloak-server.war" (runtime-name: "keycloak-server.war")
2023-10-22 11:59:23,300 INFO  [org.jboss.as.ejb3] (MSC service thread 1-6) WFLYEJB0493: EJB subsystem suspension complete
2023-10-22 11:59:23,388 INFO  [org.jboss.as.connector.subsystems.datasources] (MSC service thread 1-1) WFLYJCA0001: Bound data source [java:jboss/datasources/KeycloakDS]
2023-10-22 11:59:23,388 INFO  [org.jboss.as.connector.subsystems.datasources] (MSC service thread 1-5) WFLYJCA0001: Bound data source [java:jboss/datasources/ExampleDS]
2023-10-22 11:59:24,427 INFO  [org.wildfly.extension.undertow] (MSC service thread 1-7) WFLYUT0006: Undertow HTTPS listener https listening on 127.0.0.1:8443
2023-10-22 11:59:24,445 INFO  [org.infinispan.CONTAINER] (ServerService Thread Pool -- 56) ISPN000128: Infinispan version: Infinispan 'Corona Extra' 11.0.4.Final
2023-10-22 11:59:24,494 INFO  [org.infinispan.CONFIG] (MSC service thread 1-7) ISPN000152: Passivation configured without an eviction policy being selected. Only manually evicted entities will be passivated.
2023-10-22 11:59:24,495 INFO  [org.infinispan.CONFIG] (MSC service thread 1-7) ISPN000152: Passivation configured without an eviction policy being selected. Only manually evicted entities will be passivated.
2023-10-22 11:59:24,566 INFO  [org.infinispan.PERSISTENCE] (ServerService Thread Pool -- 57) ISPN000556: Starting user marshaller 'org.wildfly.clustering.infinispan.marshalling.jboss.JBossMarshaller'
2023-10-22 11:59:24,567 INFO  [org.infinispan.PERSISTENCE] (ServerService Thread Pool -- 56) ISPN000556: Starting user marshaller 'org.wildfly.clustering.infinispan.spi.marshalling.InfinispanProtoStreamMarshaller'
2023-10-22 11:59:24,779 INFO  [org.jboss.as.clustering.infinispan] (ServerService Thread Pool -- 56) WFLYCLINF0002: Started http-remoting-connector cache from ejb container
2023-10-22 11:59:24,807 INFO  [org.jboss.as.clustering.infinispan] (ServerService Thread Pool -- 66) WFLYCLINF0002: Started loginFailures cache from keycloak container
2023-10-22 11:59:24,807 INFO  [org.jboss.as.clustering.infinispan] (ServerService Thread Pool -- 61) WFLYCLINF0002: Started offlineSessions cache from keycloak container
2023-10-22 11:59:24,808 INFO  [org.jboss.as.clustering.infinispan] (ServerService Thread Pool -- 59) WFLYCLINF0002: Started sessions cache from keycloak container
2023-10-22 11:59:24,807 INFO  [org.jboss.as.clustering.infinispan] (ServerService Thread Pool -- 58) WFLYCLINF0002: Started work cache from keycloak container
2023-10-22 11:59:24,807 INFO  [org.jboss.as.clustering.infinispan] (ServerService Thread Pool -- 62) WFLYCLINF0002: Started authenticationSessions cache from keycloak container
2023-10-22 11:59:24,808 INFO  [org.jboss.as.clustering.infinispan] (ServerService Thread Pool -- 57) WFLYCLINF0002: Started actionTokens cache from keycloak container
2023-10-22 11:59:24,808 INFO  [org.jboss.as.clustering.infinispan] (ServerService Thread Pool -- 64) WFLYCLINF0002: Started offlineClientSessions cache from keycloak container
2023-10-22 11:59:24,809 INFO  [org.jboss.as.clustering.infinispan] (ServerService Thread Pool -- 68) WFLYCLINF0002: Started clientSessions cache from keycloak container
2023-10-22 11:59:24,851 INFO  [org.jboss.as.clustering.infinispan] (ServerService Thread Pool -- 56) WFLYCLINF0002: Started authorization cache from keycloak container
2023-10-22 11:59:24,851 INFO  [org.jboss.as.clustering.infinispan] (ServerService Thread Pool -- 67) WFLYCLINF0002: Started users cache from keycloak container
2023-10-22 11:59:24,851 INFO  [org.jboss.as.clustering.infinispan] (ServerService Thread Pool -- 63) WFLYCLINF0002: Started realms cache from keycloak container
2023-10-22 11:59:24,851 INFO  [org.jboss.as.clustering.infinispan] (ServerService Thread Pool -- 60) WFLYCLINF0002: Started keys cache from keycloak container
2023-10-22 11:59:25,007 WARN  [org.jboss.as.server.deployment] (MSC service thread 1-1) WFLYSRV0273: Excluded subsystem webservices via jboss-deployment-structure.xml does not exist.
2023-10-22 11:59:25,722 INFO  [org.keycloak.services] (ServerService Thread Pool -- 56) KC-SERVICES0001: Loading config from standalone.xml or domain.xml
2023-10-22 11:59:25,976 INFO  [org.keycloak.url.DefaultHostnameProviderFactory] (ServerService Thread Pool -- 56) Frontend: <request>, Admin: <frontend>, Backend: <request>
2023-10-22 11:59:26,165 WARN  [org.infinispan.encoding.impl.StorageConfigurationManager] (ServerService Thread Pool -- 56) ISPN000599: Configuration for cache 'realmRevisions' does not define the encoding for keys or values. If you use operations that require data conversion or queries, you should configure the cache with a specific MediaType for keys or values.
2023-10-22 11:59:26,168 INFO  [org.jboss.as.clustering.infinispan] (ServerService Thread Pool -- 56) WFLYCLINF0002: Started realmRevisions cache from keycloak container
2023-10-22 11:59:26,169 WARN  [org.infinispan.encoding.impl.StorageConfigurationManager] (ServerService Thread Pool -- 56) ISPN000599: Configuration for cache 'userRevisions' does not define the encoding for keys or values. If you use operations that require data conversion or queries, you should configure the cache with a specific MediaType for keys or values.
2023-10-22 11:59:26,170 INFO  [org.jboss.as.clustering.infinispan] (ServerService Thread Pool -- 56) WFLYCLINF0002: Started userRevisions cache from keycloak container
2023-10-22 11:59:26,171 WARN  [org.infinispan.encoding.impl.StorageConfigurationManager] (ServerService Thread Pool -- 56) ISPN000599: Configuration for cache 'authorizationRevisions' does not define the encoding for keys or values. If you use operations that require data conversion or queries, you should configure the cache with a specific MediaType for keys or values.
2023-10-22 11:59:26,173 INFO  [org.jboss.as.clustering.infinispan] (ServerService Thread Pool -- 56) WFLYCLINF0002: Started authorizationRevisions cache from keycloak container
2023-10-22 11:59:26,174 INFO  [org.keycloak.connections.infinispan.DefaultInfinispanConnectionProviderFactory] (ServerService Thread Pool -- 56) Node name: desktop-a3p9i5g, Site name: null
2023-10-22 11:59:31,898 INFO  [org.keycloak.connections.jpa.DefaultJpaConnectionProviderFactory] (ServerService Thread Pool -- 56) Database info: {databaseUrl=jdbc:h2:C:\Users\Hazem\Desktop\5TWIN5_TerraSpot\keycloak-12.0.4\standalone\data/keycloak, databaseUser=SA, databaseProduct=H2 1.4.197 (2018-03-18), databaseDriver=H2 JDBC Driver 1.4.197 (2018-03-18)}
2023-10-22 11:59:33,289 INFO  [org.hibernate.jpa.internal.util.LogHelper] (ServerService Thread Pool -- 56) HHH000204: Processing PersistenceUnitInfo [
	name: keycloak-default
	...]
2023-10-22 11:59:33,348 INFO  [org.hibernate.Version] (ServerService Thread Pool -- 56) HHH000412: Hibernate Core {5.3.20.Final}
2023-10-22 11:59:33,350 INFO  [org.hibernate.cfg.Environment] (ServerService Thread Pool -- 56) HHH000206: hibernate.properties not found
2023-10-22 11:59:33,490 INFO  [org.hibernate.annotations.common.Version] (ServerService Thread Pool -- 56) HCANN000001: Hibernate Commons Annotations {5.0.5.Final}
2023-10-22 11:59:33,642 INFO  [org.hibernate.dialect.Dialect] (ServerService Thread Pool -- 56) HHH000400: Using dialect: org.hibernate.dialect.H2Dialect
2023-10-22 11:59:33,650 WARN  [org.hibernate.dialect.H2Dialect] (ServerService Thread Pool -- 56) HHH000431: Unable to determine H2 database version, certain features may not work
2023-10-22 11:59:33,691 INFO  [org.hibernate.envers.boot.internal.EnversServiceImpl] (ServerService Thread Pool -- 56) Envers integration enabled? : true
2023-10-22 11:59:34,179 INFO  [org.hibernate.orm.beans] (ServerService Thread Pool -- 56) HHH10005002: No explicit CDI BeanManager reference was passed to Hibernate, but CDI is available on the Hibernate ClassLoader.
2023-10-22 11:59:34,243 INFO  [org.hibernate.validator.internal.util.Version] (ServerService Thread Pool -- 56) HV000001: Hibernate Validator 6.0.21.Final
2023-10-22 11:59:35,259 INFO  [org.hibernate.hql.internal.QueryTranslatorFactoryInitiator] (ServerService Thread Pool -- 56) HHH000397: Using ASTQueryTranslatorFactory
2023-10-22 11:59:35,954 INFO  [org.jboss.resteasy.resteasy_jaxrs.i18n] (ServerService Thread Pool -- 56) RESTEASY002225: Deploying javax.ws.rs.core.Application: class org.keycloak.services.resources.KeycloakApplication
2023-10-22 11:59:35,955 INFO  [org.jboss.resteasy.resteasy_jaxrs.i18n] (ServerService Thread Pool -- 56) RESTEASY002200: Adding class resource org.keycloak.services.resources.ThemeResource from Application class org.keycloak.services.resources.KeycloakApplication
2023-10-22 11:59:35,956 INFO  [org.jboss.resteasy.resteasy_jaxrs.i18n] (ServerService Thread Pool -- 56) RESTEASY002205: Adding provider class org.keycloak.services.error.KeycloakErrorHandler from Application class org.keycloak.services.resources.KeycloakApplication
2023-10-22 11:59:35,956 INFO  [org.jboss.resteasy.resteasy_jaxrs.i18n] (ServerService Thread Pool -- 56) RESTEASY002205: Adding provider class org.keycloak.services.filters.KeycloakSecurityHeadersFilter from Application class org.keycloak.services.resources.KeycloakApplication
2023-10-22 11:59:35,957 INFO  [org.jboss.resteasy.resteasy_jaxrs.i18n] (ServerService Thread Pool -- 56) RESTEASY002200: Adding class resource org.keycloak.services.resources.JsResource from Application class org.keycloak.services.resources.KeycloakApplication
2023-10-22 11:59:35,957 INFO  [org.jboss.resteasy.resteasy_jaxrs.i18n] (ServerService Thread Pool -- 56) RESTEASY002220: Adding singleton resource org.keycloak.services.resources.RobotsResource from Application class org.keycloak.services.resources.KeycloakApplication
2023-10-22 11:59:35,957 INFO  [org.jboss.resteasy.resteasy_jaxrs.i18n] (ServerService Thread Pool -- 56) RESTEASY002220: Adding singleton resource org.keycloak.services.resources.WelcomeResource from Application class org.keycloak.services.resources.KeycloakApplication
2023-10-22 11:59:35,957 INFO  [org.jboss.resteasy.resteasy_jaxrs.i18n] (ServerService Thread Pool -- 56) RESTEASY002220: Adding singleton resource org.keycloak.services.resources.RealmsResource from Application class org.keycloak.services.resources.KeycloakApplication
2023-10-22 11:59:35,957 INFO  [org.jboss.resteasy.resteasy_jaxrs.i18n] (ServerService Thread Pool -- 56) RESTEASY002220: Adding singleton resource org.keycloak.services.resources.admin.AdminRoot from Application class org.keycloak.services.resources.KeycloakApplication
2023-10-22 11:59:35,957 INFO  [org.jboss.resteasy.resteasy_jaxrs.i18n] (ServerService Thread Pool -- 56) RESTEASY002210: Adding provider singleton org.keycloak.services.util.ObjectMapperResolver from Application class org.keycloak.services.resources.KeycloakApplication
2023-10-22 11:59:36,034 INFO  [org.wildfly.extension.undertow] (ServerService Thread Pool -- 56) WFLYUT0021: Registered web context: '/auth' for server 'default-server'
2023-10-22 11:59:36,112 INFO  [org.jboss.as.server] (ServerService Thread Pool -- 55) WFLYSRV0010: Deployed "keycloak-server.war" (runtime-name : "keycloak-server.war")
2023-10-22 11:59:36,159 INFO  [org.jboss.as.server] (Controller Boot Thread) WFLYSRV0212: Resuming server
2023-10-22 11:59:36,161 INFO  [org.jboss.as] (Controller Boot Thread) WFLYSRV0025: Keycloak 12.0.4 (WildFly Core 13.0.3.Final) started in 16451ms - Started 589 of 867 services (585 services are lazy, passive or on-demand)
2023-10-22 11:59:36,165 INFO  [org.jboss.as] (Controller Boot Thread) WFLYSRV0060: Http management interface listening on http://127.0.0.1:9990/management
2023-10-22 11:59:36,165 INFO  [org.jboss.as] (Controller Boot Thread) WFLYSRV0051: Admin console listening on http://127.0.0.1:9990
